{
  "RSpec": {
    "coverage": {
      "E:/Moje dokumenty/GitHub/tar-2015-2016/Zadanie4/spec/spec_helper.rb": [
        1,
        1,
        1,
        null
      ],
      "E:/Moje dokumenty/GitHub/tar-2015-2016/Zadanie4/lib/klient.rb": [
        1,
        1,
        null,
        1,
        6,
        6,
        null,
        6,
        null,
        null,
        null,
        1,
        0,
        null,
        null,
        1,
        12,
        null,
        null,
        1,
        1,
        null,
        1,
        2,
        null,
        null,
        1,
        1,
        1,
        null,
        null,
        1,
        6,
        null,
        null,
        null,
        1,
        6,
        null,
        null,
        null,
        null,
        null,
        null,
        null
      ],
      "E:/Moje dokumenty/GitHub/tar-2015-2016/Zadanie4/lib/samochod.rb": [
        1,
        1,
        null,
        1,
        22,
        22,
        22,
        22,
        null,
        22,
        null,
        null,
        1,
        1,
        null,
        null,
        1,
        9,
        7,
        2,
        1,
        1,
        1,
        null,
        null,
        null,
        null,
        1,
        null,
        7,
        5,
        2,
        1,
        1,
        1,
        null,
        null,
        null
      ],
      "E:/Moje dokumenty/GitHub/tar-2015-2016/Zadanie4/lib/wypozyczenie.rb": [
        1,
        1,
        1,
        7,
        null,
        null,
        1,
        7,
        null,
        null,
        1,
        5,
        null,
        null,
        null
      ],
      "E:/Moje dokumenty/GitHub/tar-2015-2016/Zadanie4/spec/samochod_spec.rb": [
        1,
        1,
        1,
        1,
        null,
        1,
        1,
        1,
        1,
        null,
        null,
        null,
        1,
        9,
        null,
        null,
        1,
        1,
        null,
        1,
        null,
        null,
        1,
        1,
        1,
        1,
        null,
        null,
        1,
        1,
        1,
        1,
        null,
        null,
        1,
        1,
        1,
        1,
        null,
        null,
        1,
        1,
        1,
        1,
        null,
        null,
        1,
        1,
        1,
        1,
        null,
        null,
        1,
        1,
        1,
        1,
        null,
        null,
        1,
        1,
        1,
        1,
        null,
        null,
        null
      ],
      "E:/Moje dokumenty/GitHub/tar-2015-2016/Zadanie4/spec/wypozyczenie_spec.rb": [
        1,
        1,
        1,
        1,
        null,
        1,
        1,
        1,
        1,
        null,
        null,
        null,
        null,
        1,
        2,
        1,
        1,
        null,
        null,
        null,
        1,
        2,
        1,
        1,
        null,
        null
      ]
    },
    "timestamp": 1453153989
  }
}
